{"C:\\Users\\Erhahon Imafidon\\Documents\\VSCODE\\react-test\\src\\App.css": {"path":"C:\\Users\\Erhahon Imafidon\\Documents\\VSCODE\\react-test\\src\\App.css","statementMap":{"0":{"start":{"line":1,"column":13},"end":{"line":1,"column":128}},"1":{"start":{"line":3,"column":4},"end":{"line":24,"column":5}},"2":{"start":{"line":4,"column":8},"end":{"line":6,"column":11}},"3":{"start":{"line":7,"column":8},"end":{"line":18,"column":11}},"4":{"start":{"line":9,"column":16},"end":{"line":11,"column":17}},"5":{"start":{"line":10,"column":20},"end":{"line":10,"column":34}},"6":{"start":{"line":12,"column":16},"end":{"line":12,"column":36}},"7":{"start":{"line":16,"column":16},"end":{"line":16,"column":30}},"8":{"start":{"line":20,"column":8},"end":{"line":22,"column":11}},"9":{"start":{"line":23,"column":8},"end":{"line":23,"column":31}}},"fnMap":{"0":{"name":"(anonymous_0)","decl":{"start":{"line":8,"column":12},"end":{"line":8,"column":13}},"loc":{"start":{"line":8,"column":30},"end":{"line":13,"column":13}},"line":8},"1":{"name":"(anonymous_1)","decl":{"start":{"line":15,"column":12},"end":{"line":15,"column":13}},"loc":{"start":{"line":15,"column":29},"end":{"line":17,"column":13}},"line":15}},"branchMap":{"0":{"loc":{"start":{"line":3,"column":4},"end":{"line":24,"column":5}},"type":"if","locations":[{"start":{"line":3,"column":4},"end":{"line":24,"column":5}},{"start":{"line":19,"column":11},"end":{"line":24,"column":5}}],"line":3},"1":{"loc":{"start":{"line":3,"column":8},"end":{"line":3,"column":44}},"type":"binary-expr","locations":[{"start":{"line":3,"column":8},"end":{"line":3,"column":34}},{"start":{"line":3,"column":38},"end":{"line":3,"column":44}}],"line":3},"2":{"loc":{"start":{"line":9,"column":16},"end":{"line":11,"column":17}},"type":"if","locations":[{"start":{"line":9,"column":16},"end":{"line":11,"column":17}},{"start":{},"end":{}}],"line":9}},"s":{"0":1,"1":1,"2":1,"3":1,"4":0,"5":0,"6":0,"7":0,"8":0,"9":0},"f":{"0":0,"1":0},"b":{"0":[1,0],"1":[1,1],"2":[0,0]},"_coverageSchema":"1a1c01bbd47fc00a2c39e90264f33305004495a9","hash":"ac59ab81aae77600a201d0d7071347bbd0253b4e"}
,"C:\\Users\\Erhahon Imafidon\\Documents\\VSCODE\\react-test\\src\\App.jsx": {"path":"C:\\Users\\Erhahon Imafidon\\Documents\\VSCODE\\react-test\\src\\App.jsx","statementMap":{"0":{"start":{"line":12,"column":2},"end":{"line":24,"column":4}}},"fnMap":{"0":{"name":"App","decl":{"start":{"line":11,"column":9},"end":{"line":11,"column":12}},"loc":{"start":{"line":11,"column":15},"end":{"line":25,"column":1}},"line":11}},"branchMap":{},"s":{"0":3},"f":{"0":3},"b":{},"_coverageSchema":"1a1c01bbd47fc00a2c39e90264f33305004495a9","hash":"3a60704af68d12b1643f772dcc07065a3cc14920"}
,"C:\\Users\\Erhahon Imafidon\\Documents\\VSCODE\\react-test\\src\\FirstTest.jsx": {"path":"C:\\Users\\Erhahon Imafidon\\Documents\\VSCODE\\react-test\\src\\FirstTest.jsx","statementMap":{"0":{"start":{"line":3,"column":18},"end":{"line":9,"column":1}},"1":{"start":{"line":4,"column":2},"end":{"line":8,"column":4}}},"fnMap":{"0":{"name":"(anonymous_0)","decl":{"start":{"line":3,"column":18},"end":{"line":3,"column":19}},"loc":{"start":{"line":3,"column":24},"end":{"line":9,"column":1}},"line":3}},"branchMap":{},"s":{"0":2,"1":1},"f":{"0":1},"b":{},"_coverageSchema":"1a1c01bbd47fc00a2c39e90264f33305004495a9","hash":"a9b13a7fc638655a98b5dfacab850762ebe0f1f2"}
,"C:\\Users\\Erhahon Imafidon\\Documents\\VSCODE\\react-test\\src\\Header.jsx": {"path":"C:\\Users\\Erhahon Imafidon\\Documents\\VSCODE\\react-test\\src\\Header.jsx","statementMap":{"0":{"start":{"line":4,"column":15},"end":{"line":28,"column":1}},"1":{"start":{"line":5,"column":2},"end":{"line":27,"column":4}}},"fnMap":{"0":{"name":"(anonymous_0)","decl":{"start":{"line":4,"column":15},"end":{"line":4,"column":16}},"loc":{"start":{"line":4,"column":21},"end":{"line":28,"column":1}},"line":4}},"branchMap":{},"s":{"0":1,"1":3},"f":{"0":3},"b":{},"_coverageSchema":"1a1c01bbd47fc00a2c39e90264f33305004495a9","hash":"98dd4a4ac111e78a670aa1e4ef4342fc8e758997"}
,"C:\\Users\\Erhahon Imafidon\\Documents\\VSCODE\\react-test\\src\\Home.jsx": {"path":"C:\\Users\\Erhahon Imafidon\\Documents\\VSCODE\\react-test\\src\\Home.jsx","statementMap":{"0":{"start":{"line":4,"column":13},"end":{"line":22,"column":1}},"1":{"start":{"line":5,"column":28},"end":{"line":5,"column":39}},"2":{"start":{"line":7,"column":22},"end":{"line":9,"column":3}},"3":{"start":{"line":8,"column":4},"end":{"line":8,"column":24}},"4":{"start":{"line":11,"column":2},"end":{"line":21,"column":4}},"5":{"start":{"line":24,"column":17},"end":{"line":36,"column":1}},"6":{"start":{"line":31,"column":2},"end":{"line":35,"column":4}}},"fnMap":{"0":{"name":"(anonymous_0)","decl":{"start":{"line":4,"column":13},"end":{"line":4,"column":14}},"loc":{"start":{"line":4,"column":19},"end":{"line":22,"column":1}},"line":4},"1":{"name":"(anonymous_1)","decl":{"start":{"line":7,"column":22},"end":{"line":7,"column":23}},"loc":{"start":{"line":7,"column":28},"end":{"line":9,"column":3}},"line":7},"2":{"name":"(anonymous_2)","decl":{"start":{"line":24,"column":17},"end":{"line":24,"column":18}},"loc":{"start":{"line":24,"column":48},"end":{"line":36,"column":1}},"line":24}},"branchMap":{},"s":{"0":1,"1":2,"2":2,"3":0,"4":2,"5":1,"6":4},"f":{"0":2,"1":0,"2":4},"b":{},"_coverageSchema":"1a1c01bbd47fc00a2c39e90264f33305004495a9","hash":"dc7ae316ee7348c2d2b4b5a7df4cf53952143afb"}
,"C:\\Users\\Erhahon Imafidon\\Documents\\VSCODE\\react-test\\src\\Hooks.jsx": {"path":"C:\\Users\\Erhahon Imafidon\\Documents\\VSCODE\\react-test\\src\\Hooks.jsx","statementMap":{"0":{"start":{"line":5,"column":28},"end":{"line":5,"column":39}},"1":{"start":{"line":7,"column":2},"end":{"line":10,"column":3}},"2":{"start":{"line":9,"column":4},"end":{"line":9,"column":66}},"3":{"start":{"line":13,"column":22},"end":{"line":19,"column":3}},"4":{"start":{"line":14,"column":18},"end":{"line":14,"column":20}},"5":{"start":{"line":15,"column":4},"end":{"line":17,"column":5}},"6":{"start":{"line":15,"column":17},"end":{"line":15,"column":18}},"7":{"start":{"line":16,"column":6},"end":{"line":16,"column":48}},"8":{"start":{"line":18,"column":4},"end":{"line":18,"column":17}},"9":{"start":{"line":21,"column":2},"end":{"line":26,"column":4}},"10":{"start":{"line":30,"column":2},"end":{"line":35,"column":4}},"11":{"start":{"line":33,"column":29},"end":{"line":33,"column":48}}},"fnMap":{"0":{"name":"Hooks","decl":{"start":{"line":3,"column":9},"end":{"line":3,"column":14}},"loc":{"start":{"line":3,"column":17},"end":{"line":27,"column":1}},"line":3},"1":{"name":"(anonymous_1)","decl":{"start":{"line":13,"column":22},"end":{"line":13,"column":23}},"loc":{"start":{"line":13,"column":28},"end":{"line":19,"column":3}},"line":13},"2":{"name":"CounterComponent","decl":{"start":{"line":29,"column":9},"end":{"line":29,"column":25}},"loc":{"start":{"line":29,"column":47},"end":{"line":36,"column":1}},"line":29},"3":{"name":"(anonymous_3)","decl":{"start":{"line":33,"column":23},"end":{"line":33,"column":24}},"loc":{"start":{"line":33,"column":29},"end":{"line":33,"column":48}},"line":33}},"branchMap":{"0":{"loc":{"start":{"line":7,"column":2},"end":{"line":10,"column":3}},"type":"if","locations":[{"start":{"line":7,"column":2},"end":{"line":10,"column":3}},{"start":{},"end":{}}],"line":7}},"s":{"0":1,"1":1,"2":1,"3":0,"4":0,"5":0,"6":0,"7":0,"8":0,"9":0,"10":1,"11":0},"f":{"0":1,"1":0,"2":1,"3":0},"b":{"0":[1,0]},"_coverageSchema":"1a1c01bbd47fc00a2c39e90264f33305004495a9","hash":"a0763091fe9d653e4212538125e7fd2e5e0edbba"}
,"C:\\Users\\Erhahon Imafidon\\Documents\\VSCODE\\react-test\\src\\Layout.jsx": {"path":"C:\\Users\\Erhahon Imafidon\\Documents\\VSCODE\\react-test\\src\\Layout.jsx","statementMap":{"0":{"start":{"line":5,"column":15},"end":{"line":12,"column":1}},"1":{"start":{"line":6,"column":2},"end":{"line":11,"column":4}}},"fnMap":{"0":{"name":"(anonymous_0)","decl":{"start":{"line":5,"column":15},"end":{"line":5,"column":16}},"loc":{"start":{"line":5,"column":21},"end":{"line":12,"column":1}},"line":5}},"branchMap":{},"s":{"0":1,"1":3},"f":{"0":3},"b":{},"_coverageSchema":"1a1c01bbd47fc00a2c39e90264f33305004495a9","hash":"187c950b14b3c8cc1c5d53e91e9580ea920cbfe1"}
,"C:\\Users\\Erhahon Imafidon\\Documents\\VSCODE\\react-test\\src\\MockDataTest.jsx": {"path":"C:\\Users\\Erhahon Imafidon\\Documents\\VSCODE\\react-test\\src\\MockDataTest.jsx","statementMap":{"0":{"start":{"line":3,"column":21},"end":{"line":32,"column":1}},"1":{"start":{"line":4,"column":19},"end":{"line":19,"column":3}},"2":{"start":{"line":20,"column":2},"end":{"line":31,"column":4}},"3":{"start":{"line":24,"column":10},"end":{"line":27,"column":15}}},"fnMap":{"0":{"name":"(anonymous_0)","decl":{"start":{"line":3,"column":21},"end":{"line":3,"column":22}},"loc":{"start":{"line":3,"column":27},"end":{"line":32,"column":1}},"line":3},"1":{"name":"(anonymous_1)","decl":{"start":{"line":23,"column":22},"end":{"line":23,"column":23}},"loc":{"start":{"line":24,"column":10},"end":{"line":27,"column":15}},"line":24}},"branchMap":{},"s":{"0":2,"1":1,"2":1,"3":2},"f":{"0":1,"1":2},"b":{},"_coverageSchema":"1a1c01bbd47fc00a2c39e90264f33305004495a9","hash":"68eb00471f68787dea828f41172b8a2220e91586"}
,"C:\\Users\\Erhahon Imafidon\\Documents\\VSCODE\\react-test\\src\\TicTac.jsx": {"path":"C:\\Users\\Erhahon Imafidon\\Documents\\VSCODE\\react-test\\src\\TicTac.jsx","statementMap":{"0":{"start":{"line":4,"column":15},"end":{"line":10,"column":1}},"1":{"start":{"line":5,"column":2},"end":{"line":9,"column":4}},"2":{"start":{"line":12,"column":13},"end":{"line":55,"column":1}},"3":{"start":{"line":14,"column":32},"end":{"line":14,"column":63}},"4":{"start":{"line":15,"column":40},"end":{"line":15,"column":51}},"5":{"start":{"line":16,"column":18},"end":{"line":16,"column":39}},"6":{"start":{"line":17,"column":25},"end":{"line":17,"column":45}},"7":{"start":{"line":19,"column":21},"end":{"line":23,"column":3}},"8":{"start":{"line":20,"column":24},"end":{"line":20,"column":74}},"9":{"start":{"line":21,"column":4},"end":{"line":21,"column":28}},"10":{"start":{"line":22,"column":4},"end":{"line":22,"column":43}},"11":{"start":{"line":26,"column":17},"end":{"line":28,"column":3}},"12":{"start":{"line":27,"column":4},"end":{"line":27,"column":29}},"13":{"start":{"line":30,"column":16},"end":{"line":43,"column":4}},"14":{"start":{"line":32,"column":4},"end":{"line":36,"column":5}},"15":{"start":{"line":33,"column":6},"end":{"line":33,"column":42}},"16":{"start":{"line":35,"column":6},"end":{"line":35,"column":39}},"17":{"start":{"line":38,"column":4},"end":{"line":42,"column":6}},"18":{"start":{"line":40,"column":31},"end":{"line":40,"column":43}},"19":{"start":{"line":45,"column":2},"end":{"line":54,"column":4}},"20":{"start":{"line":58,"column":15},"end":{"line":107,"column":1}},"21":{"start":{"line":59,"column":22},"end":{"line":71,"column":3}},"22":{"start":{"line":60,"column":4},"end":{"line":62,"column":5}},"23":{"start":{"line":61,"column":6},"end":{"line":61,"column":13}},"24":{"start":{"line":63,"column":23},"end":{"line":63,"column":37}},"25":{"start":{"line":64,"column":4},"end":{"line":68,"column":5}},"26":{"start":{"line":65,"column":6},"end":{"line":65,"column":26}},"27":{"start":{"line":67,"column":6},"end":{"line":67,"column":26}},"28":{"start":{"line":70,"column":4},"end":{"line":70,"column":23}},"29":{"start":{"line":74,"column":17},"end":{"line":74,"column":40}},"30":{"start":{"line":76,"column":2},"end":{"line":80,"column":3}},"31":{"start":{"line":77,"column":4},"end":{"line":77,"column":33}},"32":{"start":{"line":79,"column":4},"end":{"line":79,"column":53}},"33":{"start":{"line":82,"column":2},"end":{"line":106,"column":4}},"34":{"start":{"line":89,"column":55},"end":{"line":89,"column":69}},"35":{"start":{"line":90,"column":55},"end":{"line":90,"column":69}},"36":{"start":{"line":91,"column":55},"end":{"line":91,"column":69}},"37":{"start":{"line":95,"column":55},"end":{"line":95,"column":69}},"38":{"start":{"line":96,"column":55},"end":{"line":96,"column":69}},"39":{"start":{"line":97,"column":55},"end":{"line":97,"column":69}},"40":{"start":{"line":101,"column":55},"end":{"line":101,"column":69}},"41":{"start":{"line":102,"column":55},"end":{"line":102,"column":69}},"42":{"start":{"line":103,"column":55},"end":{"line":103,"column":69}},"43":{"start":{"line":110,"column":24},"end":{"line":128,"column":1}},"44":{"start":{"line":111,"column":16},"end":{"line":120,"column":3}},"45":{"start":{"line":121,"column":2},"end":{"line":126,"column":3}},"46":{"start":{"line":121,"column":15},"end":{"line":121,"column":16}},"47":{"start":{"line":122,"column":22},"end":{"line":122,"column":30}},"48":{"start":{"line":123,"column":4},"end":{"line":125,"column":5}},"49":{"start":{"line":124,"column":6},"end":{"line":124,"column":23}},"50":{"start":{"line":127,"column":2},"end":{"line":127,"column":14}}},"fnMap":{"0":{"name":"(anonymous_0)","decl":{"start":{"line":4,"column":15},"end":{"line":4,"column":16}},"loc":{"start":{"line":4,"column":45},"end":{"line":10,"column":1}},"line":4},"1":{"name":"(anonymous_1)","decl":{"start":{"line":12,"column":13},"end":{"line":12,"column":14}},"loc":{"start":{"line":12,"column":19},"end":{"line":55,"column":1}},"line":12},"2":{"name":"(anonymous_2)","decl":{"start":{"line":19,"column":21},"end":{"line":19,"column":22}},"loc":{"start":{"line":19,"column":37},"end":{"line":23,"column":3}},"line":19},"3":{"name":"(anonymous_3)","decl":{"start":{"line":26,"column":17},"end":{"line":26,"column":18}},"loc":{"start":{"line":26,"column":31},"end":{"line":28,"column":3}},"line":26},"4":{"name":"(anonymous_4)","decl":{"start":{"line":30,"column":28},"end":{"line":30,"column":29}},"loc":{"start":{"line":30,"column":46},"end":{"line":43,"column":3}},"line":30},"5":{"name":"(anonymous_5)","decl":{"start":{"line":40,"column":25},"end":{"line":40,"column":26}},"loc":{"start":{"line":40,"column":31},"end":{"line":40,"column":43}},"line":40},"6":{"name":"(anonymous_6)","decl":{"start":{"line":58,"column":15},"end":{"line":58,"column":16}},"loc":{"start":{"line":58,"column":48},"end":{"line":107,"column":1}},"line":58},"7":{"name":"(anonymous_7)","decl":{"start":{"line":59,"column":22},"end":{"line":59,"column":23}},"loc":{"start":{"line":59,"column":29},"end":{"line":71,"column":3}},"line":59},"8":{"name":"(anonymous_8)","decl":{"start":{"line":89,"column":49},"end":{"line":89,"column":50}},"loc":{"start":{"line":89,"column":55},"end":{"line":89,"column":69}},"line":89},"9":{"name":"(anonymous_9)","decl":{"start":{"line":90,"column":49},"end":{"line":90,"column":50}},"loc":{"start":{"line":90,"column":55},"end":{"line":90,"column":69}},"line":90},"10":{"name":"(anonymous_10)","decl":{"start":{"line":91,"column":49},"end":{"line":91,"column":50}},"loc":{"start":{"line":91,"column":55},"end":{"line":91,"column":69}},"line":91},"11":{"name":"(anonymous_11)","decl":{"start":{"line":95,"column":49},"end":{"line":95,"column":50}},"loc":{"start":{"line":95,"column":55},"end":{"line":95,"column":69}},"line":95},"12":{"name":"(anonymous_12)","decl":{"start":{"line":96,"column":49},"end":{"line":96,"column":50}},"loc":{"start":{"line":96,"column":55},"end":{"line":96,"column":69}},"line":96},"13":{"name":"(anonymous_13)","decl":{"start":{"line":97,"column":49},"end":{"line":97,"column":50}},"loc":{"start":{"line":97,"column":55},"end":{"line":97,"column":69}},"line":97},"14":{"name":"(anonymous_14)","decl":{"start":{"line":101,"column":49},"end":{"line":101,"column":50}},"loc":{"start":{"line":101,"column":55},"end":{"line":101,"column":69}},"line":101},"15":{"name":"(anonymous_15)","decl":{"start":{"line":102,"column":49},"end":{"line":102,"column":50}},"loc":{"start":{"line":102,"column":55},"end":{"line":102,"column":69}},"line":102},"16":{"name":"(anonymous_16)","decl":{"start":{"line":103,"column":49},"end":{"line":103,"column":50}},"loc":{"start":{"line":103,"column":55},"end":{"line":103,"column":69}},"line":103},"17":{"name":"(anonymous_17)","decl":{"start":{"line":110,"column":24},"end":{"line":110,"column":25}},"loc":{"start":{"line":110,"column":36},"end":{"line":128,"column":1}},"line":110}},"branchMap":{"0":{"loc":{"start":{"line":32,"column":4},"end":{"line":36,"column":5}},"type":"if","locations":[{"start":{"line":32,"column":4},"end":{"line":36,"column":5}},{"start":{"line":34,"column":11},"end":{"line":36,"column":5}}],"line":32},"1":{"loc":{"start":{"line":60,"column":4},"end":{"line":62,"column":5}},"type":"if","locations":[{"start":{"line":60,"column":4},"end":{"line":62,"column":5}},{"start":{},"end":{}}],"line":60},"2":{"loc":{"start":{"line":60,"column":8},"end":{"line":60,"column":44}},"type":"binary-expr","locations":[{"start":{"line":60,"column":8},"end":{"line":60,"column":17}},{"start":{"line":60,"column":21},"end":{"line":60,"column":44}}],"line":60},"3":{"loc":{"start":{"line":64,"column":4},"end":{"line":68,"column":5}},"type":"if","locations":[{"start":{"line":64,"column":4},"end":{"line":68,"column":5}},{"start":{"line":66,"column":11},"end":{"line":68,"column":5}}],"line":64},"4":{"loc":{"start":{"line":76,"column":2},"end":{"line":80,"column":3}},"type":"if","locations":[{"start":{"line":76,"column":2},"end":{"line":80,"column":3}},{"start":{"line":78,"column":9},"end":{"line":80,"column":3}}],"line":76},"5":{"loc":{"start":{"line":79,"column":32},"end":{"line":79,"column":51}},"type":"cond-expr","locations":[{"start":{"line":79,"column":42},"end":{"line":79,"column":45}},{"start":{"line":79,"column":48},"end":{"line":79,"column":51}}],"line":79},"6":{"loc":{"start":{"line":123,"column":4},"end":{"line":125,"column":5}},"type":"if","locations":[{"start":{"line":123,"column":4},"end":{"line":125,"column":5}},{"start":{},"end":{}}],"line":123},"7":{"loc":{"start":{"line":123,"column":8},"end":{"line":123,"column":71}},"type":"binary-expr","locations":[{"start":{"line":123,"column":8},"end":{"line":123,"column":17}},{"start":{"line":123,"column":21},"end":{"line":123,"column":44}},{"start":{"line":123,"column":48},"end":{"line":123,"column":71}}],"line":123}},"s":{"0":1,"1":0,"2":1,"3":0,"4":0,"5":0,"6":0,"7":0,"8":0,"9":0,"10":0,"11":0,"12":0,"13":0,"14":0,"15":0,"16":0,"17":0,"18":0,"19":0,"20":1,"21":0,"22":0,"23":0,"24":0,"25":0,"26":0,"27":0,"28":0,"29":0,"30":0,"31":0,"32":0,"33":0,"34":0,"35":0,"36":0,"37":0,"38":0,"39":0,"40":0,"41":0,"42":0,"43":1,"44":0,"45":0,"46":0,"47":0,"48":0,"49":0,"50":0},"f":{"0":0,"1":0,"2":0,"3":0,"4":0,"5":0,"6":0,"7":0,"8":0,"9":0,"10":0,"11":0,"12":0,"13":0,"14":0,"15":0,"16":0,"17":0},"b":{"0":[0,0],"1":[0,0],"2":[0,0],"3":[0,0],"4":[0,0],"5":[0,0],"6":[0,0],"7":[0,0,0]},"_coverageSchema":"1a1c01bbd47fc00a2c39e90264f33305004495a9","hash":"4e72cffa04e5efc23c640fbc0c6f26aad5ebeb0c"}
}
